2025-02-13 11:35:47,617 - Starting market tracker...
2025-02-13 11:35:52,765 - Error fetching market data: unsupported format string passed to NoneType.__format__
2025-02-13 11:35:58,191 - Error fetching market data: unsupported format string passed to NoneType.__format__
2025-02-13 11:36:03,163 - Error fetching market data: unsupported format string passed to NoneType.__format__
2025-02-13 11:36:08,152 - Error fetching market data: unsupported format string passed to NoneType.__format__
2025-02-13 11:36:13,192 - Error fetching market data: unsupported format string passed to NoneType.__format__
2025-02-13 11:48:35,875 - Starting market tracker...
2025-02-13 11:48:41,013 - Error fetching market data: unsupported format string passed to NoneType.__format__
2025-02-13 11:48:46,398 - Error fetching market data: unsupported format string passed to NoneType.__format__
2025-02-13 11:48:51,472 - Error fetching market data: unsupported format string passed to NoneType.__format__
2025-02-13 11:48:56,416 - Error fetching market data: unsupported format string passed to NoneType.__format__
2025-02-13 11:49:01,417 - Error fetching market data: unsupported format string passed to NoneType.__format__
2025-02-13 11:49:06,455 - Error fetching market data: unsupported format string passed to NoneType.__format__
2025-02-13 11:49:11,452 - Error fetching market data: unsupported format string passed to NoneType.__format__
2025-02-13 11:49:16,409 - Error fetching market data: unsupported format string passed to NoneType.__format__
2025-02-13 11:49:21,573 - Error fetching market data: unsupported format string passed to NoneType.__format__
2025-02-13 11:49:26,400 - Error fetching market data: unsupported format string passed to NoneType.__format__
2025-02-13 11:49:31,404 - Error fetching market data: unsupported format string passed to NoneType.__format__
2025-02-13 11:49:36,536 - Error fetching market data: unsupported format string passed to NoneType.__format__
2025-02-13 11:49:41,885 - Error fetching market data: unsupported format string passed to NoneType.__format__
2025-02-13 11:49:46,467 - Error fetching market data: unsupported format string passed to NoneType.__format__
2025-02-13 11:49:51,458 - Error fetching market data: unsupported format string passed to NoneType.__format__
2025-02-13 11:49:56,421 - Error fetching market data: unsupported format string passed to NoneType.__format__
2025-02-13 11:50:01,393 - Error fetching market data: unsupported format string passed to NoneType.__format__
2025-02-13 11:50:06,848 - Error fetching market data: unsupported format string passed to NoneType.__format__
2025-02-13 11:50:11,426 - Error fetching market data: unsupported format string passed to NoneType.__format__
2025-02-13 11:50:16,417 - Error fetching market data: unsupported format string passed to NoneType.__format__
2025-02-13 11:50:21,486 - Error fetching market data: unsupported format string passed to NoneType.__format__
2025-02-13 11:50:26,404 - Error fetching market data: unsupported format string passed to NoneType.__format__
2025-02-13 11:50:31,430 - Error fetching market data: unsupported format string passed to NoneType.__format__
2025-02-13 11:50:36,433 - Error fetching market data: unsupported format string passed to NoneType.__format__
2025-02-13 11:50:41,454 - Error fetching market data: unsupported format string passed to NoneType.__format__
2025-02-13 11:50:46,413 - Error fetching market data: unsupported format string passed to NoneType.__format__
2025-02-13 11:50:51,493 - Error fetching market data: unsupported format string passed to NoneType.__format__
2025-02-13 11:50:56,431 - Error fetching market data: unsupported format string passed to NoneType.__format__
2025-02-13 11:51:01,528 - Error fetching market data: unsupported format string passed to NoneType.__format__
2025-02-13 11:51:06,407 - Error fetching market data: unsupported format string passed to NoneType.__format__
2025-02-13 11:51:11,407 - Error fetching market data: unsupported format string passed to NoneType.__format__
2025-02-13 11:51:16,390 - Error fetching market data: unsupported format string passed to NoneType.__format__
2025-02-13 11:51:21,443 - Error fetching market data: unsupported format string passed to NoneType.__format__
2025-02-13 11:51:26,400 - Error fetching market data: unsupported format string passed to NoneType.__format__
2025-02-13 11:51:31,435 - Error fetching market data: unsupported format string passed to NoneType.__format__
2025-02-13 11:51:36,401 - Error fetching market data: unsupported format string passed to NoneType.__format__
2025-02-13 11:51:41,452 - Error fetching market data: unsupported format string passed to NoneType.__format__
2025-02-13 11:51:46,390 - Error fetching market data: unsupported format string passed to NoneType.__format__
2025-02-13 11:51:51,478 - Error fetching market data: unsupported format string passed to NoneType.__format__
2025-02-13 11:51:56,703 - Error fetching market data: unsupported format string passed to NoneType.__format__
2025-02-13 11:52:01,395 - Error fetching market data: unsupported format string passed to NoneType.__format__
2025-02-13 11:52:06,446 - Error fetching market data: unsupported format string passed to NoneType.__format__
2025-02-13 11:52:11,395 - Error fetching market data: unsupported format string passed to NoneType.__format__
2025-02-13 11:52:16,367 - Error fetching market data: unsupported format string passed to NoneType.__format__
2025-02-13 11:52:21,417 - Error fetching market data: unsupported format string passed to NoneType.__format__
2025-02-13 11:52:26,376 - Error fetching market data: unsupported format string passed to NoneType.__format__
2025-02-13 11:52:31,392 - Error fetching market data: unsupported format string passed to NoneType.__format__
2025-02-13 11:52:36,382 - Error fetching market data: unsupported format string passed to NoneType.__format__
2025-02-13 11:52:41,409 - Error fetching market data: unsupported format string passed to NoneType.__format__
2025-02-13 11:52:46,377 - Error fetching market data: unsupported format string passed to NoneType.__format__
2025-02-13 11:52:51,488 - Error fetching market data: unsupported format string passed to NoneType.__format__
2025-02-13 11:52:56,417 - Error fetching market data: unsupported format string passed to NoneType.__format__
2025-02-13 11:53:01,436 - Error fetching market data: unsupported format string passed to NoneType.__format__
2025-02-13 11:53:06,382 - Error fetching market data: unsupported format string passed to NoneType.__format__
2025-02-13 11:53:11,415 - Error fetching market data: unsupported format string passed to NoneType.__format__
2025-02-13 11:53:16,498 - Error fetching market data: unsupported format string passed to NoneType.__format__
2025-02-13 11:53:21,493 - Error fetching market data: unsupported format string passed to NoneType.__format__
2025-02-13 11:53:26,401 - Error fetching market data: unsupported format string passed to NoneType.__format__
2025-02-13 11:53:31,395 - Error fetching market data: unsupported format string passed to NoneType.__format__
2025-02-13 11:53:36,386 - Error fetching market data: unsupported format string passed to NoneType.__format__
2025-02-13 11:53:41,382 - Error fetching market data: unsupported format string passed to NoneType.__format__
2025-02-13 11:53:46,382 - Error fetching market data: unsupported format string passed to NoneType.__format__
2025-02-13 11:53:51,399 - Error fetching market data: unsupported format string passed to NoneType.__format__
2025-02-13 11:53:56,429 - Error fetching market data: unsupported format string passed to NoneType.__format__
2025-02-13 11:54:01,530 - Error fetching market data: unsupported format string passed to NoneType.__format__
2025-02-13 11:54:06,398 - Error fetching market data: unsupported format string passed to NoneType.__format__
2025-02-13 11:54:11,461 - Error fetching market data: unsupported format string passed to NoneType.__format__
2025-02-13 11:54:16,396 - Error fetching market data: unsupported format string passed to NoneType.__format__
2025-02-13 11:54:21,436 - Error fetching market data: unsupported format string passed to NoneType.__format__
2025-02-13 11:54:26,414 - Error fetching market data: unsupported format string passed to NoneType.__format__
2025-02-13 11:54:31,381 - Error fetching market data: unsupported format string passed to NoneType.__format__
2025-02-13 11:54:36,391 - Error fetching market data: unsupported format string passed to NoneType.__format__
2025-02-13 11:54:42,117 - Error fetching market data: unsupported format string passed to NoneType.__format__
2025-02-13 11:54:46,383 - Error fetching market data: unsupported format string passed to NoneType.__format__
2025-02-13 11:54:51,510 - Error fetching market data: unsupported format string passed to NoneType.__format__
2025-02-13 11:54:56,397 - Error fetching market data: unsupported format string passed to NoneType.__format__
2025-02-13 11:55:01,523 - Error fetching market data: unsupported format string passed to NoneType.__format__
2025-02-13 11:55:07,118 - Error fetching market data: unsupported format string passed to NoneType.__format__
2025-02-13 11:55:11,411 - Error fetching market data: unsupported format string passed to NoneType.__format__
2025-02-13 11:55:16,370 - Error fetching market data: unsupported format string passed to NoneType.__format__
2025-02-13 11:55:21,381 - Error fetching market data: unsupported format string passed to NoneType.__format__
2025-02-13 11:55:26,421 - Error fetching market data: unsupported format string passed to NoneType.__format__
2025-02-13 11:55:31,364 - Error fetching market data: unsupported format string passed to NoneType.__format__
2025-02-13 11:55:36,379 - Error fetching market data: unsupported format string passed to NoneType.__format__
2025-02-13 11:55:41,360 - Error fetching market data: unsupported format string passed to NoneType.__format__
2025-02-13 11:55:46,459 - Error fetching market data: unsupported format string passed to NoneType.__format__
2025-02-13 11:55:51,427 - Error fetching market data: unsupported format string passed to NoneType.__format__
2025-02-13 11:55:56,378 - Error fetching market data: unsupported format string passed to NoneType.__format__
2025-02-13 11:56:01,368 - Error fetching market data: unsupported format string passed to NoneType.__format__
2025-02-13 11:56:06,408 - Error fetching market data: unsupported format string passed to NoneType.__format__
2025-02-13 11:56:11,446 - Error fetching market data: unsupported format string passed to NoneType.__format__
2025-02-13 11:56:16,432 - Error fetching market data: unsupported format string passed to NoneType.__format__
2025-02-13 11:56:21,416 - Error fetching market data: unsupported format string passed to NoneType.__format__
2025-02-13 11:56:26,397 - Error fetching market data: unsupported format string passed to NoneType.__format__
2025-02-13 11:56:31,420 - Error fetching market data: unsupported format string passed to NoneType.__format__
2025-02-13 11:56:36,454 - Error fetching market data: unsupported format string passed to NoneType.__format__
2025-02-13 11:56:41,375 - Error fetching market data: unsupported format string passed to NoneType.__format__
2025-02-13 11:56:46,649 - Error fetching market data: unsupported format string passed to NoneType.__format__
2025-02-13 11:56:51,834 - Error fetching market data: unsupported format string passed to NoneType.__format__
2025-02-13 11:56:56,371 - Error fetching market data: unsupported format string passed to NoneType.__format__
2025-02-13 11:57:01,362 - Error fetching market data: unsupported format string passed to NoneType.__format__
2025-02-13 11:57:06,426 - Error fetching market data: unsupported format string passed to NoneType.__format__
2025-02-13 11:57:11,357 - Error fetching market data: unsupported format string passed to NoneType.__format__
2025-02-13 11:57:16,361 - Error fetching market data: unsupported format string passed to NoneType.__format__
2025-02-13 11:57:21,440 - Error fetching market data: unsupported format string passed to NoneType.__format__
2025-02-13 11:57:26,381 - Error fetching market data: unsupported format string passed to NoneType.__format__
2025-02-13 11:57:31,383 - Error fetching market data: unsupported format string passed to NoneType.__format__
2025-02-13 11:57:36,383 - Error fetching market data: unsupported format string passed to NoneType.__format__
2025-02-13 11:57:41,387 - Error fetching market data: unsupported format string passed to NoneType.__format__
2025-02-13 11:57:46,394 - Error fetching market data: unsupported format string passed to NoneType.__format__
2025-02-13 11:57:51,374 - Error fetching market data: unsupported format string passed to NoneType.__format__
2025-02-13 11:57:56,370 - Error fetching market data: unsupported format string passed to NoneType.__format__
2025-02-13 11:58:01,399 - Error fetching market data: unsupported format string passed to NoneType.__format__
2025-02-13 11:58:06,386 - Error fetching market data: unsupported format string passed to NoneType.__format__
2025-02-13 11:58:11,409 - Error fetching market data: unsupported format string passed to NoneType.__format__
2025-02-13 11:58:16,403 - Error fetching market data: unsupported format string passed to NoneType.__format__
2025-02-13 11:58:21,434 - Error fetching market data: unsupported format string passed to NoneType.__format__
2025-02-13 11:58:26,481 - Error fetching market data: unsupported format string passed to NoneType.__format__
2025-02-13 11:58:31,403 - Error fetching market data: unsupported format string passed to NoneType.__format__
2025-02-13 11:58:36,414 - Error fetching market data: unsupported format string passed to NoneType.__format__
2025-02-13 11:58:41,390 - Error fetching market data: unsupported format string passed to NoneType.__format__
2025-02-13 11:58:46,369 - Error fetching market data: unsupported format string passed to NoneType.__format__
2025-02-13 11:58:51,428 - Error fetching market data: unsupported format string passed to NoneType.__format__
2025-02-13 11:58:56,387 - Error fetching market data: unsupported format string passed to NoneType.__format__
2025-02-13 11:59:01,414 - Error fetching market data: unsupported format string passed to NoneType.__format__
2025-02-13 11:59:06,428 - Error fetching market data: unsupported format string passed to NoneType.__format__
2025-02-13 11:59:11,409 - Error fetching market data: unsupported format string passed to NoneType.__format__
2025-02-13 11:59:16,420 - Error fetching market data: unsupported format string passed to NoneType.__format__
2025-02-13 11:59:21,380 - Error fetching market data: unsupported format string passed to NoneType.__format__
2025-02-13 11:59:26,424 - Error fetching market data: unsupported format string passed to NoneType.__format__
2025-02-13 11:59:31,398 - Error fetching market data: unsupported format string passed to NoneType.__format__
2025-02-13 11:59:36,382 - Error fetching market data: unsupported format string passed to NoneType.__format__
2025-02-13 11:59:41,401 - Error fetching market data: unsupported format string passed to NoneType.__format__
2025-02-13 11:59:46,392 - Error fetching market data: unsupported format string passed to NoneType.__format__
2025-02-13 11:59:51,435 - Error fetching market data: unsupported format string passed to NoneType.__format__
2025-02-13 11:59:56,366 - Error fetching market data: unsupported format string passed to NoneType.__format__
2025-02-13 12:00:01,399 - Price: $0.4500
2025-02-13 12:00:01,399 - Buy Volume: 645780.02 GMRT
2025-02-13 12:00:01,399 - Sell Volume: 556.81 GMRT
2025-02-13 12:00:01,400 - Buy Pressure: 99.91%
2025-02-13 12:00:01,400 - Sell Pressure: 0.09%
2025-02-13 12:00:01,400 - --------------------------------------------------
2025-02-13 12:00:06,544 - Price: $0.4258
2025-02-13 12:00:06,544 - Buy Volume: 2036.55 GMRT
2025-02-13 12:00:06,544 - Sell Volume: 2282.02 GMRT
2025-02-13 12:00:06,544 - Buy Pressure: 47.16%
2025-02-13 12:00:06,544 - Sell Pressure: 52.84%
2025-02-13 12:00:06,544 - --------------------------------------------------
2025-02-13 12:00:11,458 - Price: $0.4900
2025-02-13 12:00:11,459 - Buy Volume: 6110.61 GMRT
2025-02-13 12:00:11,459 - Sell Volume: 19069.12 GMRT
2025-02-13 12:00:11,459 - Buy Pressure: 24.27%
2025-02-13 12:00:11,459 - Sell Pressure: 75.73%
2025-02-13 12:00:11,459 - --------------------------------------------------
2025-02-13 12:00:16,524 - Price: $0.2500
2025-02-13 12:00:16,525 - Buy Volume: 9275.72 GMRT
2025-02-13 12:00:16,525 - Sell Volume: 436.90 GMRT
2025-02-13 12:00:16,525 - Buy Pressure: 95.50%
2025-02-13 12:00:16,525 - Sell Pressure: 4.50%
2025-02-13 12:00:16,525 - --------------------------------------------------
2025-02-13 12:00:21,387 - Price: $0.2610
2025-02-13 12:00:21,387 - Buy Volume: 6261.33 GMRT
2025-02-13 12:00:21,387 - Sell Volume: 16965.12 GMRT
2025-02-13 12:00:21,387 - Buy Pressure: 26.96%
2025-02-13 12:00:21,387 - Sell Pressure: 73.04%
2025-02-13 12:00:21,388 - --------------------------------------------------
2025-02-13 12:00:26,380 - Price: $0.2400
2025-02-13 12:00:26,381 - Buy Volume: 1315.98 GMRT
2025-02-13 12:00:26,381 - Sell Volume: 9534.92 GMRT
2025-02-13 12:00:26,381 - Buy Pressure: 12.13%
2025-02-13 12:00:26,381 - Sell Pressure: 87.87%
2025-02-13 12:00:26,381 - --------------------------------------------------
2025-02-13 12:00:31,351 - Price: $0.2609
2025-02-13 12:00:31,352 - Buy Volume: 5196.88 GMRT
2025-02-13 12:00:31,352 - Sell Volume: 11592.57 GMRT
2025-02-13 12:00:31,352 - Buy Pressure: 30.95%
2025-02-13 12:00:31,352 - Sell Pressure: 69.05%
2025-02-13 12:00:31,352 - --------------------------------------------------
2025-02-13 12:00:36,394 - Price: $0.2816
2025-02-13 12:00:36,394 - Buy Volume: 10371.18 GMRT
2025-02-13 12:00:36,395 - Sell Volume: 1484.44 GMRT
2025-02-13 12:00:36,395 - Buy Pressure: 87.48%
2025-02-13 12:00:36,395 - Sell Pressure: 12.52%
2025-02-13 12:00:36,395 - --------------------------------------------------
2025-02-13 12:00:41,371 - Price: $0.2816
2025-02-13 12:00:41,371 - Buy Volume: 704.48 GMRT
2025-02-13 12:00:41,371 - Sell Volume: 3826.59 GMRT
2025-02-13 12:00:41,372 - Buy Pressure: 15.55%
2025-02-13 12:00:41,372 - Sell Pressure: 84.45%
2025-02-13 12:00:41,372 - --------------------------------------------------
2025-02-13 12:00:46,386 - Price: $0.2738
2025-02-13 12:00:46,387 - Buy Volume: 786.35 GMRT
2025-02-13 12:00:46,388 - Sell Volume: 7083.54 GMRT
2025-02-13 12:00:46,388 - Buy Pressure: 9.99%
2025-02-13 12:00:46,388 - Sell Pressure: 90.01%
2025-02-13 12:00:46,388 - --------------------------------------------------
2025-02-13 12:00:51,487 - Price: $0.2738
2025-02-13 12:00:51,488 - Buy Volume: 2947.50 GMRT
2025-02-13 12:00:51,488 - Sell Volume: 895.31 GMRT
2025-02-13 12:00:51,488 - Buy Pressure: 76.70%
2025-02-13 12:00:51,488 - Sell Pressure: 23.30%
2025-02-13 12:00:51,488 - --------------------------------------------------
2025-02-13 12:00:56,404 - Price: $0.2816
2025-02-13 12:00:56,404 - Buy Volume: 6650.31 GMRT
2025-02-13 12:00:56,405 - Sell Volume: 717.72 GMRT
2025-02-13 12:00:56,405 - Buy Pressure: 90.26%
2025-02-13 12:00:56,405 - Sell Pressure: 9.74%
2025-02-13 12:00:56,405 - --------------------------------------------------
2025-02-13 12:01:01,451 - Price: $0.2574
2025-02-13 12:01:01,451 - Buy Volume: 2740.33 GMRT
2025-02-13 12:01:01,451 - Sell Volume: 693.18 GMRT
2025-02-13 12:01:01,451 - Buy Pressure: 79.81%
2025-02-13 12:01:01,451 - Sell Pressure: 20.19%
2025-02-13 12:01:01,451 - --------------------------------------------------
2025-02-13 12:01:06,382 - Price: $0.2504
2025-02-13 12:01:06,383 - Buy Volume: 1270.17 GMRT
2025-02-13 12:01:06,383 - Sell Volume: 3121.37 GMRT
2025-02-13 12:01:06,383 - Buy Pressure: 28.92%
2025-02-13 12:01:06,383 - Sell Pressure: 71.08%
2025-02-13 12:01:06,383 - --------------------------------------------------
2025-02-13 12:01:11,382 - Price: $0.2730
2025-02-13 12:01:11,383 - Buy Volume: 992.54 GMRT
2025-02-13 12:01:11,383 - Sell Volume: 5681.48 GMRT
2025-02-13 12:01:11,383 - Buy Pressure: 14.87%
2025-02-13 12:01:11,383 - Sell Pressure: 85.13%
2025-02-13 12:01:11,384 - --------------------------------------------------
2025-02-13 12:01:16,417 - Price: $0.2690
2025-02-13 12:01:16,417 - Buy Volume: 42020.17 GMRT
2025-02-13 12:01:16,417 - Sell Volume: 740.26 GMRT
2025-02-13 12:01:16,417 - Buy Pressure: 98.27%
2025-02-13 12:01:16,417 - Sell Pressure: 1.73%
2025-02-13 12:01:16,418 - --------------------------------------------------
2025-02-13 12:01:21,643 - Price: $0.2611
2025-02-13 12:01:21,644 - Buy Volume: 6844.24 GMRT
2025-02-13 12:01:21,644 - Sell Volume: 1087.20 GMRT
2025-02-13 12:01:21,644 - Buy Pressure: 86.29%
2025-02-13 12:01:21,644 - Sell Pressure: 13.71%
2025-02-13 12:01:21,644 - --------------------------------------------------
2025-02-13 12:01:26,426 - Price: $0.2551
2025-02-13 12:01:26,426 - Buy Volume: 41835.39 GMRT
2025-02-13 12:01:26,426 - Sell Volume: 865.41 GMRT
2025-02-13 12:01:26,427 - Buy Pressure: 97.97%
2025-02-13 12:01:26,427 - Sell Pressure: 2.03%
2025-02-13 12:01:26,427 - --------------------------------------------------
2025-02-13 12:01:31,516 - Price: $0.2600
2025-02-13 12:01:31,517 - Buy Volume: 5546.44 GMRT
2025-02-13 12:01:31,517 - Sell Volume: 1762.34 GMRT
2025-02-13 12:01:31,517 - Buy Pressure: 75.89%
2025-02-13 12:01:31,517 - Sell Pressure: 24.11%
2025-02-13 12:01:31,517 - --------------------------------------------------
2025-02-13 12:01:36,437 - Price: $0.2614
2025-02-13 12:01:36,437 - Buy Volume: 5340.65 GMRT
2025-02-13 12:01:36,438 - Sell Volume: 1507.92 GMRT
2025-02-13 12:01:36,438 - Buy Pressure: 77.98%
2025-02-13 12:01:36,438 - Sell Pressure: 22.02%
2025-02-13 12:01:36,438 - --------------------------------------------------
2025-02-13 12:01:41,400 - Price: $0.2614
2025-02-13 12:01:41,400 - Buy Volume: 1288.45 GMRT
2025-02-13 12:01:41,401 - Sell Volume: 814.33 GMRT
2025-02-13 12:01:41,401 - Buy Pressure: 61.27%
2025-02-13 12:01:41,401 - Sell Pressure: 38.73%
2025-02-13 12:01:41,401 - --------------------------------------------------
2025-02-13 12:01:46,378 - Price: $0.2540
2025-02-13 12:01:46,378 - Buy Volume: 2998.84 GMRT
2025-02-13 12:01:46,379 - Sell Volume: 556.47 GMRT
2025-02-13 12:01:46,379 - Buy Pressure: 84.35%
2025-02-13 12:01:46,383 - Sell Pressure: 15.65%
2025-02-13 12:01:46,383 - --------------------------------------------------
2025-02-13 12:01:51,388 - Price: $0.2570
2025-02-13 12:01:51,388 - Buy Volume: 4727.27 GMRT
2025-02-13 12:01:51,388 - Sell Volume: 1075.24 GMRT
2025-02-13 12:01:51,389 - Buy Pressure: 81.47%
2025-02-13 12:01:51,389 - Sell Pressure: 18.53%
2025-02-13 12:01:51,389 - --------------------------------------------------
2025-02-13 12:01:56,346 - Price: $0.2600
2025-02-13 12:01:56,348 - Buy Volume: 4427.19 GMRT
2025-02-13 12:01:56,348 - Sell Volume: 2579.56 GMRT
2025-02-13 12:01:56,348 - Buy Pressure: 63.18%
2025-02-13 12:01:56,348 - Sell Pressure: 36.82%
2025-02-13 12:01:56,348 - --------------------------------------------------
2025-02-13 12:02:01,383 - Price: $0.2548
2025-02-13 12:02:01,383 - Buy Volume: 4160.07 GMRT
2025-02-13 12:02:01,383 - Sell Volume: 1635.11 GMRT
2025-02-13 12:02:01,383 - Buy Pressure: 71.79%
2025-02-13 12:02:01,383 - Sell Pressure: 28.21%
2025-02-13 12:02:01,383 - --------------------------------------------------
2025-02-13 12:02:06,368 - Price: $0.2560
2025-02-13 12:02:06,369 - Buy Volume: 12892.13 GMRT
2025-02-13 12:02:06,369 - Sell Volume: 1405.84 GMRT
2025-02-13 12:02:06,370 - Buy Pressure: 90.17%
2025-02-13 12:02:06,370 - Sell Pressure: 9.83%
2025-02-13 12:02:06,370 - --------------------------------------------------
2025-02-13 12:02:11,364 - Price: $0.2648
2025-02-13 12:02:11,365 - Buy Volume: 6596.44 GMRT
2025-02-13 12:02:11,365 - Sell Volume: 1601.00 GMRT
2025-02-13 12:02:11,365 - Buy Pressure: 80.47%
2025-02-13 12:02:11,365 - Sell Pressure: 19.53%
2025-02-13 12:02:11,365 - --------------------------------------------------
2025-02-13 12:02:16,395 - Price: $0.2666
2025-02-13 12:02:16,395 - Buy Volume: 4349.33 GMRT
2025-02-13 12:02:16,396 - Sell Volume: 1369.36 GMRT
2025-02-13 12:02:16,396 - Buy Pressure: 76.05%
2025-02-13 12:02:16,396 - Sell Pressure: 23.95%
2025-02-13 12:02:16,396 - --------------------------------------------------
2025-02-13 12:02:21,438 - Price: $0.2680
2025-02-13 12:02:21,438 - Buy Volume: 8882.38 GMRT
2025-02-13 12:02:21,438 - Sell Volume: 1251.48 GMRT
2025-02-13 12:02:21,438 - Buy Pressure: 87.65%
2025-02-13 12:02:21,438 - Sell Pressure: 12.35%
2025-02-13 12:02:21,438 - --------------------------------------------------
2025-02-13 12:02:26,371 - Price: $0.2649
2025-02-13 12:02:26,371 - Buy Volume: 9936.15 GMRT
2025-02-13 12:02:26,372 - Sell Volume: 537.83 GMRT
2025-02-13 12:02:26,372 - Buy Pressure: 94.87%
2025-02-13 12:02:26,372 - Sell Pressure: 5.13%
2025-02-13 12:02:26,372 - --------------------------------------------------
2025-02-13 12:02:31,405 - Price: $0.2646
2025-02-13 12:02:31,406 - Buy Volume: 9657.87 GMRT
2025-02-13 12:02:31,406 - Sell Volume: 1122.05 GMRT
2025-02-13 12:02:31,406 - Buy Pressure: 89.59%
2025-02-13 12:02:31,406 - Sell Pressure: 10.41%
2025-02-13 12:02:31,406 - --------------------------------------------------
2025-02-13 12:02:36,410 - Price: $0.2660
2025-02-13 12:02:36,410 - Buy Volume: 9733.44 GMRT
2025-02-13 12:02:36,410 - Sell Volume: 1108.40 GMRT
2025-02-13 12:02:36,411 - Buy Pressure: 89.78%
2025-02-13 12:02:36,411 - Sell Pressure: 10.22%
2025-02-13 12:02:36,411 - --------------------------------------------------
2025-02-13 12:02:41,345 - Price: $0.2646
2025-02-13 12:02:41,345 - Buy Volume: 11100.72 GMRT
2025-02-13 12:02:41,345 - Sell Volume: 2141.00 GMRT
2025-02-13 12:02:41,345 - Buy Pressure: 83.83%
2025-02-13 12:02:41,345 - Sell Pressure: 16.17%
2025-02-13 12:02:41,346 - --------------------------------------------------
2025-02-13 12:02:46,406 - Price: $0.2646
2025-02-13 12:02:46,406 - Buy Volume: 9405.75 GMRT
2025-02-13 12:02:46,407 - Sell Volume: 2540.80 GMRT
2025-02-13 12:02:46,407 - Buy Pressure: 78.73%
2025-02-13 12:02:46,407 - Sell Pressure: 21.27%
2025-02-13 12:02:46,407 - --------------------------------------------------
2025-02-13 12:02:51,395 - Price: $0.2660
2025-02-13 12:02:51,395 - Buy Volume: 6359.88 GMRT
2025-02-13 12:02:51,395 - Sell Volume: 3585.65 GMRT
2025-02-13 12:02:51,396 - Buy Pressure: 63.95%
2025-02-13 12:02:51,396 - Sell Pressure: 36.05%
2025-02-13 12:02:51,396 - --------------------------------------------------
2025-02-13 12:02:56,383 - Price: $0.2647
2025-02-13 12:02:56,383 - Buy Volume: 3700.15 GMRT
2025-02-13 12:02:56,383 - Sell Volume: 6501.30 GMRT
2025-02-13 12:02:56,383 - Buy Pressure: 36.27%
2025-02-13 12:02:56,383 - Sell Pressure: 63.73%
2025-02-13 12:02:56,383 - --------------------------------------------------
2025-02-13 12:03:01,371 - Price: $0.2648
2025-02-13 12:03:01,372 - Buy Volume: 1992.21 GMRT
2025-02-13 12:03:01,372 - Sell Volume: 5406.30 GMRT
2025-02-13 12:03:01,372 - Buy Pressure: 26.93%
2025-02-13 12:03:01,372 - Sell Pressure: 73.07%
2025-02-13 12:03:01,372 - --------------------------------------------------
2025-02-13 12:03:06,384 - Price: $0.2547
2025-02-13 12:03:06,386 - Buy Volume: 1610.58 GMRT
2025-02-13 12:03:06,386 - Sell Volume: 11775.45 GMRT
2025-02-13 12:03:06,386 - Buy Pressure: 12.03%
2025-02-13 12:03:06,386 - Sell Pressure: 87.97%
2025-02-13 12:03:06,386 - --------------------------------------------------
2025-02-13 12:03:11,394 - Price: $0.2553
2025-02-13 12:03:11,394 - Buy Volume: 39502.84 GMRT
2025-02-13 12:03:11,394 - Sell Volume: 4179.12 GMRT
2025-02-13 12:03:11,395 - Buy Pressure: 90.43%
2025-02-13 12:03:11,395 - Sell Pressure: 9.57%
2025-02-13 12:03:11,395 - --------------------------------------------------
2025-02-13 12:03:16,701 - Price: $0.2550
2025-02-13 12:03:16,701 - Buy Volume: 3565.13 GMRT
2025-02-13 12:03:16,701 - Sell Volume: 3966.93 GMRT
2025-02-13 12:03:16,701 - Buy Pressure: 47.33%
2025-02-13 12:03:16,701 - Sell Pressure: 52.67%
2025-02-13 12:03:16,701 - --------------------------------------------------
2025-02-13 12:03:21,476 - Price: $0.2550
2025-02-13 12:03:21,477 - Buy Volume: 37848.51 GMRT
2025-02-13 12:03:21,477 - Sell Volume: 5015.00 GMRT
2025-02-13 12:03:21,477 - Buy Pressure: 88.30%
2025-02-13 12:03:21,477 - Sell Pressure: 11.70%
2025-02-13 12:03:21,477 - --------------------------------------------------
2025-02-13 12:03:26,405 - Price: $0.2550
2025-02-13 12:03:26,405 - Buy Volume: 37837.21 GMRT
2025-02-13 12:03:26,405 - Sell Volume: 1368.72 GMRT
2025-02-13 12:03:26,405 - Buy Pressure: 96.51%
2025-02-13 12:03:26,405 - Sell Pressure: 3.49%
2025-02-13 12:03:26,405 - --------------------------------------------------
2025-02-13 12:03:31,370 - Price: $0.2547
2025-02-13 12:03:31,371 - Buy Volume: 8000.88 GMRT
2025-02-13 12:03:31,371 - Sell Volume: 5534.78 GMRT
2025-02-13 12:03:31,371 - Buy Pressure: 59.11%
2025-02-13 12:03:31,371 - Sell Pressure: 40.89%
2025-02-13 12:03:31,371 - --------------------------------------------------
2025-02-13 12:03:36,384 - Price: $0.2530
2025-02-13 12:03:36,384 - Buy Volume: 9136.70 GMRT
2025-02-13 12:03:36,384 - Sell Volume: 4295.17 GMRT
2025-02-13 12:03:36,385 - Buy Pressure: 68.02%
2025-02-13 12:03:36,385 - Sell Pressure: 31.98%
2025-02-13 12:03:36,385 - --------------------------------------------------
2025-02-13 12:03:41,384 - Price: $0.2547
2025-02-13 12:03:41,384 - Buy Volume: 7255.18 GMRT
2025-02-13 12:03:41,384 - Sell Volume: 2514.20 GMRT
2025-02-13 12:03:41,384 - Buy Pressure: 74.26%
2025-02-13 12:03:41,384 - Sell Pressure: 25.74%
2025-02-13 12:03:41,385 - --------------------------------------------------
2025-02-13 12:03:46,410 - Price: $0.2550
2025-02-13 12:03:46,411 - Buy Volume: 7031.72 GMRT
2025-02-13 12:03:46,411 - Sell Volume: 5114.59 GMRT
2025-02-13 12:03:46,411 - Buy Pressure: 57.89%
2025-02-13 12:03:46,411 - Sell Pressure: 42.11%
2025-02-13 12:03:46,411 - --------------------------------------------------
2025-02-13 12:03:51,374 - Price: $0.2571
2025-02-13 12:03:51,375 - Buy Volume: 8965.10 GMRT
2025-02-13 12:03:51,375 - Sell Volume: 5975.50 GMRT
2025-02-13 12:03:51,375 - Buy Pressure: 60.00%
2025-02-13 12:03:51,375 - Sell Pressure: 40.00%
2025-02-13 12:03:51,375 - --------------------------------------------------
2025-02-13 12:03:56,367 - Price: $0.2571
2025-02-13 12:03:56,368 - Buy Volume: 8784.15 GMRT
2025-02-13 12:03:56,368 - Sell Volume: 4503.34 GMRT
2025-02-13 12:03:56,368 - Buy Pressure: 66.11%
2025-02-13 12:03:56,368 - Sell Pressure: 33.89%
2025-02-13 12:03:56,368 - --------------------------------------------------
2025-02-13 12:04:01,591 - Price: $0.2613
2025-02-13 12:04:01,591 - Buy Volume: 7033.92 GMRT
2025-02-13 12:04:01,591 - Sell Volume: 2181.81 GMRT
2025-02-13 12:04:01,591 - Buy Pressure: 76.33%
2025-02-13 12:04:01,592 - Sell Pressure: 23.67%
2025-02-13 12:04:01,592 - --------------------------------------------------
2025-02-13 12:04:06,390 - Price: $0.2600
2025-02-13 12:04:06,390 - Buy Volume: 7490.98 GMRT
2025-02-13 12:04:06,390 - Sell Volume: 885.99 GMRT
2025-02-13 12:04:06,391 - Buy Pressure: 89.42%
2025-02-13 12:04:06,391 - Sell Pressure: 10.58%
2025-02-13 12:04:06,391 - --------------------------------------------------
2025-02-13 12:04:11,448 - Price: $0.2600
2025-02-13 12:04:11,449 - Buy Volume: 6603.49 GMRT
2025-02-13 12:04:11,449 - Sell Volume: 548.35 GMRT
2025-02-13 12:04:11,449 - Buy Pressure: 92.33%
2025-02-13 12:04:11,449 - Sell Pressure: 7.67%
2025-02-13 12:04:11,449 - --------------------------------------------------
2025-02-13 12:04:16,356 - Price: $0.2600
2025-02-13 12:04:16,356 - Buy Volume: 4129.50 GMRT
2025-02-13 12:04:16,356 - Sell Volume: 741.39 GMRT
2025-02-13 12:04:16,356 - Buy Pressure: 84.78%
2025-02-13 12:04:16,356 - Sell Pressure: 15.22%
2025-02-13 12:04:16,356 - --------------------------------------------------
2025-02-13 12:04:21,463 - Price: $0.2688
2025-02-13 12:04:21,463 - Buy Volume: 4849.03 GMRT
2025-02-13 12:04:21,464 - Sell Volume: 4001.97 GMRT
2025-02-13 12:04:21,464 - Buy Pressure: 54.79%
2025-02-13 12:04:21,464 - Sell Pressure: 45.21%
2025-02-13 12:04:21,464 - --------------------------------------------------
2025-02-13 12:04:26,384 - Price: $0.2732
2025-02-13 12:04:26,385 - Buy Volume: 6496.98 GMRT
2025-02-13 12:04:26,385 - Sell Volume: 3881.57 GMRT
2025-02-13 12:04:26,385 - Buy Pressure: 62.60%
2025-02-13 12:04:26,385 - Sell Pressure: 37.40%
2025-02-13 12:04:26,385 - --------------------------------------------------
2025-02-13 12:04:31,477 - Price: $0.2739
2025-02-13 12:04:31,478 - Buy Volume: 6444.15 GMRT
2025-02-13 12:04:31,478 - Sell Volume: 4076.31 GMRT
2025-02-13 12:04:31,478 - Buy Pressure: 61.25%
2025-02-13 12:04:31,478 - Sell Pressure: 38.75%
2025-02-13 12:04:31,478 - --------------------------------------------------
2025-02-13 12:04:36,394 - Price: $0.2706
2025-02-13 12:04:36,394 - Buy Volume: 6732.52 GMRT
2025-02-13 12:04:36,394 - Sell Volume: 4643.69 GMRT
2025-02-13 12:04:36,394 - Buy Pressure: 59.18%
2025-02-13 12:04:36,394 - Sell Pressure: 40.82%
2025-02-13 12:04:36,394 - --------------------------------------------------
2025-02-13 12:04:41,383 - Price: $0.2678
2025-02-13 12:04:41,383 - Buy Volume: 5002.83 GMRT
2025-02-13 12:04:41,383 - Sell Volume: 4682.24 GMRT
2025-02-13 12:04:41,383 - Buy Pressure: 51.66%
2025-02-13 12:04:41,383 - Sell Pressure: 48.34%
2025-02-13 12:04:41,383 - --------------------------------------------------
2025-02-13 12:04:46,373 - Price: $0.2665
2025-02-13 12:04:46,374 - Buy Volume: 7459.78 GMRT
2025-02-13 12:04:46,374 - Sell Volume: 3021.14 GMRT
2025-02-13 12:04:46,374 - Buy Pressure: 71.17%
2025-02-13 12:04:46,374 - Sell Pressure: 28.83%
2025-02-13 12:04:46,374 - --------------------------------------------------
2025-02-13 12:04:51,460 - Price: $0.2649
2025-02-13 12:04:51,461 - Buy Volume: 8237.43 GMRT
2025-02-13 12:04:51,461 - Sell Volume: 4297.65 GMRT
2025-02-13 12:04:51,461 - Buy Pressure: 65.72%
2025-02-13 12:04:51,461 - Sell Pressure: 34.28%
2025-02-13 12:04:51,461 - --------------------------------------------------
2025-02-13 12:04:56,365 - Price: $0.2635
2025-02-13 12:04:56,366 - Buy Volume: 6590.00 GMRT
2025-02-13 12:04:56,366 - Sell Volume: 2204.52 GMRT
2025-02-13 12:04:56,366 - Buy Pressure: 74.93%
2025-02-13 12:04:56,366 - Sell Pressure: 25.07%
2025-02-13 12:04:56,366 - --------------------------------------------------
2025-02-13 12:05:01,495 - Price: $0.2635
2025-02-13 12:05:01,495 - Buy Volume: 2242.93 GMRT
2025-02-13 12:05:01,495 - Sell Volume: 1677.76 GMRT
2025-02-13 12:05:01,495 - Buy Pressure: 57.21%
2025-02-13 12:05:01,495 - Sell Pressure: 42.79%
2025-02-13 12:05:01,495 - --------------------------------------------------
2025-02-13 12:05:07,053 - Price: $0.2678
2025-02-13 12:05:07,053 - Buy Volume: 2334.32 GMRT
2025-02-13 12:05:07,053 - Sell Volume: 1070.28 GMRT
2025-02-13 12:05:07,053 - Buy Pressure: 68.56%
2025-02-13 12:05:07,054 - Sell Pressure: 31.44%
2025-02-13 12:05:07,054 - --------------------------------------------------
2025-02-13 12:05:11,371 - Price: $0.2678
2025-02-13 12:05:11,371 - Buy Volume: 1060.81 GMRT
2025-02-13 12:05:11,372 - Sell Volume: 2432.48 GMRT
2025-02-13 12:05:11,372 - Buy Pressure: 30.37%
2025-02-13 12:05:11,372 - Sell Pressure: 69.63%
2025-02-13 12:05:11,372 - --------------------------------------------------
2025-02-13 12:05:16,401 - Price: $0.2644
2025-02-13 12:05:16,401 - Buy Volume: 1159.46 GMRT
2025-02-13 12:05:16,401 - Sell Volume: 2107.02 GMRT
2025-02-13 12:05:16,401 - Buy Pressure: 35.50%
2025-02-13 12:05:16,401 - Sell Pressure: 64.50%
2025-02-13 12:05:16,401 - --------------------------------------------------
2025-02-13 12:05:21,466 - Price: $0.2726
2025-02-13 12:05:21,467 - Buy Volume: 4205.41 GMRT
2025-02-13 12:05:21,467 - Sell Volume: 2790.08 GMRT
2025-02-13 12:05:21,467 - Buy Pressure: 60.12%
2025-02-13 12:05:21,467 - Sell Pressure: 39.88%
2025-02-13 12:05:21,467 - --------------------------------------------------
2025-02-13 12:05:26,417 - Price: $0.2679
2025-02-13 12:05:26,418 - Buy Volume: 5000.85 GMRT
2025-02-13 12:05:26,418 - Sell Volume: 2862.58 GMRT
2025-02-13 12:05:26,418 - Buy Pressure: 63.60%
2025-02-13 12:05:26,418 - Sell Pressure: 36.40%
2025-02-13 12:05:26,418 - --------------------------------------------------
2025-02-13 12:05:31,371 - Price: $0.2679
2025-02-13 12:05:31,371 - Buy Volume: 2762.09 GMRT
2025-02-13 12:05:31,371 - Sell Volume: 1604.86 GMRT
2025-02-13 12:05:31,371 - Buy Pressure: 63.25%
2025-02-13 12:05:31,372 - Sell Pressure: 36.75%
2025-02-13 12:05:31,372 - --------------------------------------------------
2025-02-13 12:05:36,352 - Price: $0.2567
2025-02-13 12:05:36,352 - Buy Volume: 1877.91 GMRT
2025-02-13 12:05:36,352 - Sell Volume: 1881.75 GMRT
2025-02-13 12:05:36,352 - Buy Pressure: 49.95%
2025-02-13 12:05:36,352 - Sell Pressure: 50.05%
2025-02-13 12:05:36,352 - --------------------------------------------------
2025-02-13 12:05:41,533 - Price: $0.2425
2025-02-13 12:05:41,534 - Buy Volume: 4037.00 GMRT
2025-02-13 12:05:41,534 - Sell Volume: 6117.32 GMRT
2025-02-13 12:05:41,534 - Buy Pressure: 39.76%
2025-02-13 12:05:41,534 - Sell Pressure: 60.24%
2025-02-13 12:05:41,534 - --------------------------------------------------
2025-02-13 12:05:46,359 - Price: $0.2400
2025-02-13 12:05:46,360 - Buy Volume: 10946.14 GMRT
2025-02-13 12:05:46,360 - Sell Volume: 4165.17 GMRT
2025-02-13 12:05:46,360 - Buy Pressure: 72.44%
2025-02-13 12:05:46,360 - Sell Pressure: 27.56%
2025-02-13 12:05:46,360 - --------------------------------------------------
2025-02-13 12:05:51,426 - Price: $0.2606
2025-02-13 12:05:51,426 - Buy Volume: 10953.96 GMRT
2025-02-13 12:05:51,426 - Sell Volume: 5450.71 GMRT
2025-02-13 12:05:51,426 - Buy Pressure: 66.77%
2025-02-13 12:05:51,426 - Sell Pressure: 33.23%
2025-02-13 12:05:51,426 - --------------------------------------------------
2025-02-13 12:05:56,393 - Price: $0.2679
2025-02-13 12:05:56,393 - Buy Volume: 11401.91 GMRT
2025-02-13 12:05:56,394 - Sell Volume: 5360.19 GMRT
2025-02-13 12:05:56,394 - Buy Pressure: 68.02%
2025-02-13 12:05:56,394 - Sell Pressure: 31.98%
2025-02-13 12:05:56,394 - --------------------------------------------------
2025-02-13 12:06:01,367 - Price: $0.2600
2025-02-13 12:06:01,367 - Buy Volume: 10688.00 GMRT
2025-02-13 12:06:01,367 - Sell Volume: 4409.60 GMRT
2025-02-13 12:06:01,367 - Buy Pressure: 70.79%
2025-02-13 12:06:01,367 - Sell Pressure: 29.21%
2025-02-13 12:06:01,367 - --------------------------------------------------
2025-02-13 12:06:06,385 - Price: $0.2600
2025-02-13 12:06:06,386 - Buy Volume: 9544.43 GMRT
2025-02-13 12:06:06,386 - Sell Volume: 5259.17 GMRT
2025-02-13 12:06:06,386 - Buy Pressure: 64.47%
2025-02-13 12:06:06,386 - Sell Pressure: 35.53%
2025-02-13 12:06:06,386 - --------------------------------------------------
2025-02-13 12:06:11,351 - Price: $0.2606
2025-02-13 12:06:11,351 - Buy Volume: 3011.21 GMRT
2025-02-13 12:06:11,352 - Sell Volume: 4814.67 GMRT
2025-02-13 12:06:11,352 - Buy Pressure: 38.48%
2025-02-13 12:06:11,352 - Sell Pressure: 61.52%
2025-02-13 12:06:11,352 - --------------------------------------------------
2025-02-13 12:06:16,413 - Price: $0.2606
2025-02-13 12:06:16,413 - Buy Volume: 3296.62 GMRT
2025-02-13 12:06:16,413 - Sell Volume: 5868.78 GMRT
2025-02-13 12:06:16,413 - Buy Pressure: 35.97%
2025-02-13 12:06:16,413 - Sell Pressure: 64.03%
2025-02-13 12:06:16,413 - --------------------------------------------------
2025-02-13 12:06:21,393 - Price: $0.2460
2025-02-13 12:06:21,393 - Buy Volume: 6124.18 GMRT
2025-02-13 12:06:21,393 - Sell Volume: 5262.15 GMRT
2025-02-13 12:06:21,393 - Buy Pressure: 53.79%
2025-02-13 12:06:21,394 - Sell Pressure: 46.21%
2025-02-13 12:06:21,394 - --------------------------------------------------
2025-02-13 12:06:26,388 - Price: $0.2460
2025-02-13 12:06:26,389 - Buy Volume: 5415.40 GMRT
2025-02-13 12:06:26,389 - Sell Volume: 13595.99 GMRT
2025-02-13 12:06:26,389 - Buy Pressure: 28.49%
2025-02-13 12:06:26,389 - Sell Pressure: 71.51%
2025-02-13 12:06:26,389 - --------------------------------------------------
2025-02-13 12:06:31,379 - Price: $0.2460
2025-02-13 12:06:31,379 - Buy Volume: 4390.10 GMRT
2025-02-13 12:06:31,379 - Sell Volume: 15622.33 GMRT
2025-02-13 12:06:31,379 - Buy Pressure: 21.94%
2025-02-13 12:06:31,379 - Sell Pressure: 78.06%
2025-02-13 12:06:31,380 - --------------------------------------------------
2025-02-13 12:06:36,359 - Price: $0.2430
2025-02-13 12:06:36,359 - Buy Volume: 3758.98 GMRT
2025-02-13 12:06:36,360 - Sell Volume: 4583.72 GMRT
2025-02-13 12:06:36,360 - Buy Pressure: 45.06%
2025-02-13 12:06:36,360 - Sell Pressure: 54.94%
2025-02-13 12:06:36,360 - --------------------------------------------------
2025-02-13 12:06:41,366 - Price: $0.2434
2025-02-13 12:06:41,366 - Buy Volume: 6073.30 GMRT
2025-02-13 12:06:41,367 - Sell Volume: 18059.75 GMRT
2025-02-13 12:06:41,367 - Buy Pressure: 25.17%
2025-02-13 12:06:41,367 - Sell Pressure: 74.83%
2025-02-13 12:06:41,367 - --------------------------------------------------
2025-02-13 12:06:46,371 - Price: $0.2412
2025-02-13 12:06:46,371 - Buy Volume: 5235.47 GMRT
2025-02-13 12:06:46,371 - Sell Volume: 3877.11 GMRT
2025-02-13 12:06:46,371 - Buy Pressure: 57.45%
2025-02-13 12:06:46,371 - Sell Pressure: 42.55%
2025-02-13 12:06:46,371 - --------------------------------------------------
2025-02-13 12:06:51,341 - Price: $0.2412
2025-02-13 12:06:51,341 - Buy Volume: 4968.37 GMRT
2025-02-13 12:06:51,342 - Sell Volume: 3782.57 GMRT
2025-02-13 12:06:51,342 - Buy Pressure: 56.78%
2025-02-13 12:06:51,342 - Sell Pressure: 43.22%
2025-02-13 12:06:51,342 - --------------------------------------------------
2025-02-13 12:06:56,368 - Price: $0.2415
2025-02-13 12:06:56,368 - Buy Volume: 6109.89 GMRT
2025-02-13 12:06:56,368 - Sell Volume: 3795.40 GMRT
2025-02-13 12:06:56,368 - Buy Pressure: 61.68%
2025-02-13 12:06:56,369 - Sell Pressure: 38.32%
2025-02-13 12:06:56,369 - --------------------------------------------------
2025-02-13 12:07:01,380 - Price: $0.2413
2025-02-13 12:07:01,381 - Buy Volume: 4583.31 GMRT
2025-02-13 12:07:01,381 - Sell Volume: 3862.00 GMRT
2025-02-13 12:07:01,381 - Buy Pressure: 54.27%
2025-02-13 12:07:01,381 - Sell Pressure: 45.73%
2025-02-13 12:07:01,381 - --------------------------------------------------
2025-02-13 12:07:06,484 - Price: $0.2412
2025-02-13 12:07:06,484 - Buy Volume: 5817.28 GMRT
2025-02-13 12:07:06,484 - Sell Volume: 6655.76 GMRT
2025-02-13 12:07:06,484 - Buy Pressure: 46.64%
2025-02-13 12:07:06,484 - Sell Pressure: 53.36%
2025-02-13 12:07:06,484 - --------------------------------------------------
2025-02-13 12:07:11,343 - Price: $0.2415
2025-02-13 12:07:11,343 - Buy Volume: 5502.38 GMRT
2025-02-13 12:07:11,343 - Sell Volume: 3777.02 GMRT
2025-02-13 12:07:11,343 - Buy Pressure: 59.30%
2025-02-13 12:07:11,343 - Sell Pressure: 40.70%
2025-02-13 12:07:11,343 - --------------------------------------------------
2025-02-13 12:07:16,359 - Price: $0.2380
2025-02-13 12:07:16,359 - Buy Volume: 4545.34 GMRT
2025-02-13 12:07:16,359 - Sell Volume: 3169.17 GMRT
2025-02-13 12:07:16,359 - Buy Pressure: 58.92%
2025-02-13 12:07:16,359 - Sell Pressure: 41.08%
2025-02-13 12:07:16,359 - --------------------------------------------------
2025-02-13 12:07:21,362 - Price: $0.2400
2025-02-13 12:07:21,362 - Buy Volume: 7714.78 GMRT
2025-02-13 12:07:21,362 - Sell Volume: 2662.30 GMRT
2025-02-13 12:07:21,362 - Buy Pressure: 74.34%
2025-02-13 12:07:21,362 - Sell Pressure: 25.66%
2025-02-13 12:07:21,362 - --------------------------------------------------
2025-02-13 12:07:26,363 - Price: $0.2380
2025-02-13 12:07:26,363 - Buy Volume: 10338.81 GMRT
2025-02-13 12:07:26,363 - Sell Volume: 4127.56 GMRT
2025-02-13 12:07:26,364 - Buy Pressure: 71.47%
2025-02-13 12:07:26,364 - Sell Pressure: 28.53%
2025-02-13 12:07:26,364 - --------------------------------------------------
2025-02-13 12:07:31,370 - Price: $0.2370
2025-02-13 12:07:31,370 - Buy Volume: 5684.03 GMRT
2025-02-13 12:07:31,370 - Sell Volume: 2922.25 GMRT
2025-02-13 12:07:31,370 - Buy Pressure: 66.05%
2025-02-13 12:07:31,370 - Sell Pressure: 33.95%
2025-02-13 12:07:31,370 - --------------------------------------------------
2025-02-13 12:07:36,366 - Price: $0.2377
2025-02-13 12:07:36,366 - Buy Volume: 42391.04 GMRT
2025-02-13 12:07:36,367 - Sell Volume: 5346.02 GMRT
2025-02-13 12:07:36,367 - Buy Pressure: 88.80%
2025-02-13 12:07:36,367 - Sell Pressure: 11.20%
2025-02-13 12:07:36,367 - --------------------------------------------------
2025-02-13 12:07:41,368 - Price: $0.2370
2025-02-13 12:07:41,369 - Buy Volume: 3897.98 GMRT
2025-02-13 12:07:41,369 - Sell Volume: 5454.01 GMRT
2025-02-13 12:07:41,369 - Buy Pressure: 41.68%
2025-02-13 12:07:41,369 - Sell Pressure: 58.32%
2025-02-13 12:07:41,369 - --------------------------------------------------
2025-02-13 12:07:46,355 - Price: $0.2451
2025-02-13 12:07:46,355 - Buy Volume: 3373.08 GMRT
2025-02-13 12:07:46,355 - Sell Volume: 3619.40 GMRT
2025-02-13 12:07:46,355 - Buy Pressure: 48.24%
2025-02-13 12:07:46,355 - Sell Pressure: 51.76%
2025-02-13 12:07:46,356 - --------------------------------------------------
2025-02-13 12:07:51,377 - Price: $0.2451
2025-02-13 12:07:51,377 - Buy Volume: 3169.11 GMRT
2025-02-13 12:07:51,378 - Sell Volume: 3958.22 GMRT
2025-02-13 12:07:51,378 - Buy Pressure: 44.46%
2025-02-13 12:07:51,378 - Sell Pressure: 55.54%
2025-02-13 12:07:51,378 - --------------------------------------------------
2025-02-13 12:07:56,346 - Price: $0.2451
2025-02-13 12:07:56,346 - Buy Volume: 3135.36 GMRT
2025-02-13 12:07:56,346 - Sell Volume: 3184.26 GMRT
2025-02-13 12:07:56,346 - Buy Pressure: 49.61%
2025-02-13 12:07:56,346 - Sell Pressure: 50.39%
2025-02-13 12:07:56,346 - --------------------------------------------------
2025-02-13 12:08:01,370 - Price: $0.2421
2025-02-13 12:08:01,370 - Buy Volume: 3384.32 GMRT
2025-02-13 12:08:01,370 - Sell Volume: 2365.18 GMRT
2025-02-13 12:08:01,370 - Buy Pressure: 58.86%
2025-02-13 12:08:01,370 - Sell Pressure: 41.14%
2025-02-13 12:08:01,371 - --------------------------------------------------
2025-02-13 12:08:06,356 - Price: $0.2412
2025-02-13 12:08:06,356 - Buy Volume: 2666.15 GMRT
2025-02-13 12:08:06,356 - Sell Volume: 3509.25 GMRT
2025-02-13 12:08:06,357 - Buy Pressure: 43.17%
2025-02-13 12:08:06,357 - Sell Pressure: 56.83%
2025-02-13 12:08:06,357 - --------------------------------------------------
2025-02-13 12:08:11,331 - Price: $0.2412
2025-02-13 12:08:11,332 - Buy Volume: 2568.21 GMRT
2025-02-13 12:08:11,332 - Sell Volume: 3555.65 GMRT
2025-02-13 12:08:11,332 - Buy Pressure: 41.94%
2025-02-13 12:08:11,332 - Sell Pressure: 58.06%
2025-02-13 12:08:11,332 - --------------------------------------------------
2025-02-13 12:08:16,388 - Price: $0.2440
2025-02-13 12:08:16,390 - Buy Volume: 2924.03 GMRT
2025-02-13 12:08:16,390 - Sell Volume: 3146.00 GMRT
2025-02-13 12:08:16,390 - Buy Pressure: 48.17%
2025-02-13 12:08:16,390 - Sell Pressure: 51.83%
2025-02-13 12:08:16,390 - --------------------------------------------------
2025-02-13 12:08:21,383 - Price: $0.2440
2025-02-13 12:08:21,383 - Buy Volume: 2117.92 GMRT
2025-02-13 12:08:21,383 - Sell Volume: 2903.27 GMRT
2025-02-13 12:08:21,383 - Buy Pressure: 42.18%
2025-02-13 12:08:21,384 - Sell Pressure: 57.82%
2025-02-13 12:08:21,384 - --------------------------------------------------
2025-02-13 12:08:26,401 - Price: $0.2440
2025-02-13 12:08:26,401 - Buy Volume: 1948.06 GMRT
2025-02-13 12:08:26,401 - Sell Volume: 1810.31 GMRT
2025-02-13 12:08:26,402 - Buy Pressure: 51.83%
2025-02-13 12:08:26,402 - Sell Pressure: 48.17%
2025-02-13 12:08:26,402 - --------------------------------------------------
2025-02-13 12:08:31,382 - Price: $0.2400
2025-02-13 12:08:31,382 - Buy Volume: 2829.56 GMRT
2025-02-13 12:08:31,383 - Sell Volume: 3145.50 GMRT
2025-02-13 12:08:31,383 - Buy Pressure: 47.36%
2025-02-13 12:08:31,383 - Sell Pressure: 52.64%
2025-02-13 12:08:31,383 - --------------------------------------------------
2025-02-13 12:08:36,368 - Price: $0.2422
2025-02-13 12:08:36,368 - Buy Volume: 3759.13 GMRT
2025-02-13 12:08:36,368 - Sell Volume: 2149.02 GMRT
2025-02-13 12:08:36,368 - Buy Pressure: 63.63%
2025-02-13 12:08:36,369 - Sell Pressure: 36.37%
2025-02-13 12:08:36,369 - --------------------------------------------------
2025-02-13 12:08:41,350 - Price: $0.2400
2025-02-13 12:08:41,350 - Buy Volume: 7022.32 GMRT
2025-02-13 12:08:41,350 - Sell Volume: 5216.80 GMRT
2025-02-13 12:08:41,350 - Buy Pressure: 57.38%
2025-02-13 12:08:41,350 - Sell Pressure: 42.62%
2025-02-13 12:08:41,350 - --------------------------------------------------
2025-02-13 12:08:46,412 - Price: $0.2383
2025-02-13 12:08:46,412 - Buy Volume: 5575.39 GMRT
2025-02-13 12:08:46,412 - Sell Volume: 3257.12 GMRT
2025-02-13 12:08:46,412 - Buy Pressure: 63.12%
2025-02-13 12:08:46,412 - Sell Pressure: 36.88%
2025-02-13 12:08:46,412 - --------------------------------------------------
2025-02-13 12:08:51,404 - Price: $0.2350
2025-02-13 12:08:51,404 - Buy Volume: 6139.65 GMRT
2025-02-13 12:08:51,404 - Sell Volume: 2353.45 GMRT
2025-02-13 12:08:51,405 - Buy Pressure: 72.29%
2025-02-13 12:08:51,405 - Sell Pressure: 27.71%
2025-02-13 12:08:51,405 - --------------------------------------------------
2025-02-13 12:08:56,339 - Price: $0.2350
2025-02-13 12:08:56,339 - Buy Volume: 43765.12 GMRT
2025-02-13 12:08:56,339 - Sell Volume: 2386.06 GMRT
2025-02-13 12:08:56,340 - Buy Pressure: 94.83%
2025-02-13 12:08:56,340 - Sell Pressure: 5.17%
2025-02-13 12:08:56,340 - --------------------------------------------------
2025-02-13 12:09:01,381 - Price: $0.2424
2025-02-13 12:09:01,382 - Buy Volume: 39842.37 GMRT
2025-02-13 12:09:01,382 - Sell Volume: 5075.05 GMRT
2025-02-13 12:09:01,382 - Buy Pressure: 88.70%
2025-02-13 12:09:01,382 - Sell Pressure: 11.30%
2025-02-13 12:09:01,382 - --------------------------------------------------
2025-02-13 12:09:06,381 - Price: $0.2436
2025-02-13 12:09:06,382 - Buy Volume: 1324.19 GMRT
2025-02-13 12:09:06,382 - Sell Volume: 3856.63 GMRT
2025-02-13 12:09:06,382 - Buy Pressure: 25.56%
2025-02-13 12:09:06,382 - Sell Pressure: 74.44%
2025-02-13 12:09:06,382 - --------------------------------------------------
2025-02-13 12:09:11,396 - Price: $0.2423
2025-02-13 12:09:11,396 - Buy Volume: 39778.72 GMRT
2025-02-13 12:09:11,396 - Sell Volume: 3789.07 GMRT
2025-02-13 12:09:11,396 - Buy Pressure: 91.30%
2025-02-13 12:09:11,396 - Sell Pressure: 8.70%
2025-02-13 12:09:11,396 - --------------------------------------------------
2025-02-13 12:09:16,418 - Price: $0.2423
2025-02-13 12:09:16,419 - Buy Volume: 1539.03 GMRT
2025-02-13 12:09:16,419 - Sell Volume: 4828.95 GMRT
2025-02-13 12:09:16,419 - Buy Pressure: 24.17%
2025-02-13 12:09:16,419 - Sell Pressure: 75.83%
2025-02-13 12:09:16,419 - --------------------------------------------------
2025-02-13 12:09:21,478 - Price: $0.2424
2025-02-13 12:09:21,479 - Buy Volume: 2720.85 GMRT
2025-02-13 12:09:21,479 - Sell Volume: 5437.30 GMRT
2025-02-13 12:09:21,479 - Buy Pressure: 33.35%
2025-02-13 12:09:21,479 - Sell Pressure: 66.65%
2025-02-13 12:09:21,479 - --------------------------------------------------
2025-02-13 12:09:26,446 - Price: $0.2444
2025-02-13 12:09:26,446 - Buy Volume: 2637.72 GMRT
2025-02-13 12:09:26,446 - Sell Volume: 4821.95 GMRT
2025-02-13 12:09:26,446 - Buy Pressure: 35.36%
2025-02-13 12:09:26,446 - Sell Pressure: 64.64%
2025-02-13 12:09:26,446 - --------------------------------------------------
2025-02-13 12:09:31,403 - Price: $0.2436
2025-02-13 12:09:31,403 - Buy Volume: 1612.05 GMRT
2025-02-13 12:09:31,403 - Sell Volume: 1548.32 GMRT
2025-02-13 12:09:31,403 - Buy Pressure: 51.01%
2025-02-13 12:09:31,403 - Sell Pressure: 48.99%
2025-02-13 12:09:31,403 - --------------------------------------------------
2025-02-13 12:09:36,408 - Price: $0.2444
2025-02-13 12:09:36,408 - Buy Volume: 31001.57 GMRT
2025-02-13 12:09:36,408 - Sell Volume: 1843.14 GMRT
2025-02-13 12:09:36,408 - Buy Pressure: 94.39%
2025-02-13 12:09:36,408 - Sell Pressure: 5.61%
2025-02-13 12:09:36,409 - --------------------------------------------------
2025-02-13 12:09:41,350 - Price: $0.2470
2025-02-13 12:09:41,350 - Buy Volume: 3289.12 GMRT
2025-02-13 12:09:41,351 - Sell Volume: 5496.28 GMRT
2025-02-13 12:09:41,351 - Buy Pressure: 37.44%
2025-02-13 12:09:41,351 - Sell Pressure: 62.56%
2025-02-13 12:09:41,351 - --------------------------------------------------
2025-02-13 12:09:46,362 - Price: $0.2475
2025-02-13 12:09:46,362 - Buy Volume: 2942.37 GMRT
2025-02-13 12:09:46,362 - Sell Volume: 6332.99 GMRT
2025-02-13 12:09:46,362 - Buy Pressure: 31.72%
2025-02-13 12:09:46,362 - Sell Pressure: 68.28%
2025-02-13 12:09:46,362 - --------------------------------------------------
2025-02-13 12:09:51,422 - Price: $0.2487
2025-02-13 12:09:51,423 - Buy Volume: 4038.47 GMRT
2025-02-13 12:09:51,423 - Sell Volume: 5909.11 GMRT
2025-02-13 12:09:51,423 - Buy Pressure: 40.60%
2025-02-13 12:09:51,423 - Sell Pressure: 59.40%
2025-02-13 12:09:51,423 - --------------------------------------------------
2025-02-13 12:09:56,352 - Price: $0.2475
2025-02-13 12:09:56,353 - Buy Volume: 2830.48 GMRT
2025-02-13 12:09:56,353 - Sell Volume: 5531.90 GMRT
2025-02-13 12:09:56,353 - Buy Pressure: 33.85%
2025-02-13 12:09:56,353 - Sell Pressure: 66.15%
2025-02-13 12:09:56,353 - --------------------------------------------------
2025-02-13 12:10:01,420 - Price: $0.2475
2025-02-13 12:10:01,420 - Buy Volume: 31463.25 GMRT
2025-02-13 12:10:01,420 - Sell Volume: 5958.97 GMRT
2025-02-13 12:10:01,420 - Buy Pressure: 84.08%
2025-02-13 12:10:01,420 - Sell Pressure: 15.92%
2025-02-13 12:10:01,420 - --------------------------------------------------
2025-02-13 12:10:06,447 - Price: $0.2448
2025-02-13 12:10:06,447 - Buy Volume: 31302.71 GMRT
2025-02-13 12:10:06,447 - Sell Volume: 4714.21 GMRT
2025-02-13 12:10:06,447 - Buy Pressure: 86.91%
2025-02-13 12:10:06,447 - Sell Pressure: 13.09%
2025-02-13 12:10:06,447 - --------------------------------------------------
2025-02-13 12:10:11,355 - Price: $0.2446
2025-02-13 12:10:11,356 - Buy Volume: 68835.24 GMRT
2025-02-13 12:10:11,356 - Sell Volume: 4537.46 GMRT
2025-02-13 12:10:11,356 - Buy Pressure: 93.82%
2025-02-13 12:10:11,356 - Sell Pressure: 6.18%
2025-02-13 12:10:11,356 - --------------------------------------------------
2025-02-13 12:10:16,433 - Price: $0.2430
2025-02-13 12:10:16,433 - Buy Volume: 38307.06 GMRT
2025-02-13 12:10:16,433 - Sell Volume: 4421.31 GMRT
2025-02-13 12:10:16,433 - Buy Pressure: 89.65%
2025-02-13 12:10:16,434 - Sell Pressure: 10.35%
2025-02-13 12:10:16,434 - --------------------------------------------------
2025-02-13 12:10:21,379 - Price: $0.2475
2025-02-13 12:10:21,379 - Buy Volume: 38697.81 GMRT
2025-02-13 12:10:21,380 - Sell Volume: 3860.93 GMRT
2025-02-13 12:10:21,380 - Buy Pressure: 90.93%
2025-02-13 12:10:21,380 - Sell Pressure: 9.07%
2025-02-13 12:10:21,380 - --------------------------------------------------
2025-02-13 12:10:26,377 - Price: $0.2475
2025-02-13 12:10:26,378 - Buy Volume: 38838.55 GMRT
2025-02-13 12:10:26,378 - Sell Volume: 2599.36 GMRT
2025-02-13 12:10:26,378 - Buy Pressure: 93.73%
2025-02-13 12:10:26,378 - Sell Pressure: 6.27%
2025-02-13 12:10:26,378 - --------------------------------------------------
2025-02-13 12:10:31,359 - Price: $0.2460
2025-02-13 12:10:31,359 - Buy Volume: 68028.36 GMRT
2025-02-13 12:10:31,360 - Sell Volume: 2908.15 GMRT
2025-02-13 12:10:31,360 - Buy Pressure: 95.90%
2025-02-13 12:10:31,360 - Sell Pressure: 4.10%
2025-02-13 12:10:31,360 - --------------------------------------------------
2025-02-13 12:10:36,396 - Price: $0.2460
2025-02-13 12:10:36,396 - Buy Volume: 67519.64 GMRT
2025-02-13 12:10:36,396 - Sell Volume: 2067.00 GMRT
2025-02-13 12:10:36,396 - Buy Pressure: 97.03%
2025-02-13 12:10:36,396 - Sell Pressure: 2.97%
2025-02-13 12:10:36,396 - --------------------------------------------------
2025-02-13 12:10:41,360 - Price: $0.2460
2025-02-13 12:10:41,361 - Buy Volume: 38835.30 GMRT
2025-02-13 12:10:41,361 - Sell Volume: 1189.55 GMRT
2025-02-13 12:10:41,361 - Buy Pressure: 97.03%
2025-02-13 12:10:41,361 - Sell Pressure: 2.97%
2025-02-13 12:10:41,361 - --------------------------------------------------
2025-02-13 12:10:46,399 - Price: $0.2430
2025-02-13 12:10:46,400 - Buy Volume: 28812.50 GMRT
2025-02-13 12:10:46,400 - Sell Volume: 2215.15 GMRT
2025-02-13 12:10:46,400 - Buy Pressure: 92.86%
2025-02-13 12:10:46,400 - Sell Pressure: 7.14%
2025-02-13 12:10:46,400 - --------------------------------------------------
2025-02-13 12:10:51,362 - Price: $0.2430
2025-02-13 12:10:51,362 - Buy Volume: 28409.23 GMRT
2025-02-13 12:10:51,362 - Sell Volume: 2905.80 GMRT
2025-02-13 12:10:51,362 - Buy Pressure: 90.72%
2025-02-13 12:10:51,362 - Sell Pressure: 9.28%
2025-02-13 12:10:51,362 - --------------------------------------------------
2025-02-13 12:10:57,349 - Price: $0.2430
2025-02-13 12:10:57,350 - Buy Volume: 28003.89 GMRT
2025-02-13 12:10:57,350 - Sell Volume: 1665.33 GMRT
2025-02-13 12:10:57,350 - Buy Pressure: 94.39%
2025-02-13 12:10:57,350 - Sell Pressure: 5.61%
2025-02-13 12:10:57,350 - --------------------------------------------------
2025-02-13 12:11:01,376 - Price: $0.2430
2025-02-13 12:11:01,376 - Buy Volume: 28360.43 GMRT
2025-02-13 12:11:01,377 - Sell Volume: 1926.05 GMRT
2025-02-13 12:11:01,377 - Buy Pressure: 93.64%
2025-02-13 12:11:01,377 - Sell Pressure: 6.36%
2025-02-13 12:11:01,377 - --------------------------------------------------
2025-02-13 12:11:06,352 - Price: $0.2430
2025-02-13 12:11:06,352 - Buy Volume: 25669.11 GMRT
2025-02-13 12:11:06,352 - Sell Volume: 1119.82 GMRT
2025-02-13 12:11:06,352 - Buy Pressure: 95.82%
2025-02-13 12:11:06,352 - Sell Pressure: 4.18%
2025-02-13 12:11:06,353 - --------------------------------------------------
2025-02-13 12:11:11,380 - Price: $0.2448
2025-02-13 12:11:11,380 - Buy Volume: 26251.68 GMRT
2025-02-13 12:11:11,380 - Sell Volume: 478.32 GMRT
2025-02-13 12:11:11,380 - Buy Pressure: 98.21%
2025-02-13 12:11:11,380 - Sell Pressure: 1.79%
2025-02-13 12:11:11,380 - --------------------------------------------------
2025-02-13 12:11:16,348 - Price: $0.2448
2025-02-13 12:11:16,348 - Buy Volume: 31528.59 GMRT
2025-02-13 12:11:16,348 - Sell Volume: 793.54 GMRT
2025-02-13 12:11:16,348 - Buy Pressure: 97.54%
2025-02-13 12:11:16,348 - Sell Pressure: 2.46%
2025-02-13 12:11:16,349 - --------------------------------------------------
2025-02-13 12:11:21,418 - Price: $0.2445
2025-02-13 12:11:21,418 - Buy Volume: 5224.37 GMRT
2025-02-13 12:11:21,418 - Sell Volume: 10871.18 GMRT
2025-02-13 12:11:21,419 - Buy Pressure: 32.46%
2025-02-13 12:11:21,419 - Sell Pressure: 67.54%
2025-02-13 12:11:21,419 - --------------------------------------------------
2025-02-13 12:11:26,384 - Price: $0.2445
2025-02-13 12:11:26,384 - Buy Volume: 4132.11 GMRT
2025-02-13 12:11:26,384 - Sell Volume: 13743.44 GMRT
2025-02-13 12:11:26,384 - Buy Pressure: 23.12%
2025-02-13 12:11:26,385 - Sell Pressure: 76.88%
2025-02-13 12:11:26,385 - --------------------------------------------------
2025-02-13 12:11:31,369 - Price: $0.2300
2025-02-13 12:11:31,369 - Buy Volume: 3916.36 GMRT
2025-02-13 12:11:31,369 - Sell Volume: 4498.32 GMRT
2025-02-13 12:11:31,370 - Buy Pressure: 46.54%
2025-02-13 12:11:31,370 - Sell Pressure: 53.46%
2025-02-13 12:11:31,370 - --------------------------------------------------
2025-02-13 12:11:36,341 - Price: $0.2300
2025-02-13 12:11:36,341 - Buy Volume: 3474.13 GMRT
2025-02-13 12:11:36,341 - Sell Volume: 12762.97 GMRT
2025-02-13 12:11:36,341 - Buy Pressure: 21.40%
2025-02-13 12:11:36,342 - Sell Pressure: 78.60%
2025-02-13 12:11:36,342 - --------------------------------------------------
2025-02-13 12:11:41,370 - Price: $0.2300
2025-02-13 12:11:41,370 - Buy Volume: 3656.29 GMRT
2025-02-13 12:11:41,370 - Sell Volume: 12216.40 GMRT
2025-02-13 12:11:41,370 - Buy Pressure: 23.04%
2025-02-13 12:11:41,371 - Sell Pressure: 76.96%
2025-02-13 12:11:41,371 - --------------------------------------------------
2025-02-13 12:11:46,411 - Price: $0.2269
2025-02-13 12:11:46,411 - Buy Volume: 4301.26 GMRT
2025-02-13 12:11:46,411 - Sell Volume: 5232.75 GMRT
2025-02-13 12:11:46,411 - Buy Pressure: 45.11%
2025-02-13 12:11:46,412 - Sell Pressure: 54.89%
2025-02-13 12:11:46,412 - --------------------------------------------------
2025-02-13 12:11:51,360 - Price: $0.2267
2025-02-13 12:11:51,361 - Buy Volume: 5816.40 GMRT
2025-02-13 12:11:51,361 - Sell Volume: 5026.02 GMRT
2025-02-13 12:11:51,361 - Buy Pressure: 53.64%
2025-02-13 12:11:51,361 - Sell Pressure: 46.36%
2025-02-13 12:11:51,361 - --------------------------------------------------
2025-02-13 12:11:56,380 - Price: $0.2269
2025-02-13 12:11:56,380 - Buy Volume: 5898.96 GMRT
2025-02-13 12:11:56,380 - Sell Volume: 5317.27 GMRT
2025-02-13 12:11:56,380 - Buy Pressure: 52.59%
2025-02-13 12:11:56,381 - Sell Pressure: 47.41%
2025-02-13 12:11:56,381 - --------------------------------------------------
2025-02-13 12:12:01,423 - Price: $0.2250
2025-02-13 12:12:01,424 - Buy Volume: 9402.52 GMRT
2025-02-13 12:12:01,424 - Sell Volume: 6390.44 GMRT
2025-02-13 12:12:01,425 - Buy Pressure: 59.54%
2025-02-13 12:12:01,425 - Sell Pressure: 40.46%
2025-02-13 12:12:01,425 - --------------------------------------------------
2025-02-13 12:12:06,372 - Price: $0.2250
2025-02-13 12:12:06,373 - Buy Volume: 9033.02 GMRT
2025-02-13 12:12:06,373 - Sell Volume: 3736.60 GMRT
2025-02-13 12:12:06,373 - Buy Pressure: 70.74%
2025-02-13 12:12:06,373 - Sell Pressure: 29.26%
2025-02-13 12:12:06,373 - --------------------------------------------------
2025-02-13 12:12:11,372 - Price: $0.2250
2025-02-13 12:12:11,372 - Buy Volume: 7291.06 GMRT
2025-02-13 12:12:11,373 - Sell Volume: 4347.77 GMRT
2025-02-13 12:12:11,373 - Buy Pressure: 62.64%
2025-02-13 12:12:11,373 - Sell Pressure: 37.36%
2025-02-13 12:12:11,373 - --------------------------------------------------
2025-02-13 12:12:16,371 - Price: $0.2250
2025-02-13 12:12:16,371 - Buy Volume: 5732.72 GMRT
2025-02-13 12:12:16,371 - Sell Volume: 4380.04 GMRT
2025-02-13 12:12:16,371 - Buy Pressure: 56.69%
2025-02-13 12:12:16,371 - Sell Pressure: 43.31%
2025-02-13 12:12:16,371 - --------------------------------------------------
2025-02-13 12:12:21,371 - Price: $0.2268
2025-02-13 12:12:21,371 - Buy Volume: 8227.28 GMRT
2025-02-13 12:12:21,371 - Sell Volume: 5528.69 GMRT
2025-02-13 12:12:21,371 - Buy Pressure: 59.81%
2025-02-13 12:12:21,371 - Sell Pressure: 40.19%
2025-02-13 12:12:21,371 - --------------------------------------------------
2025-02-13 12:12:26,436 - Price: $0.2250
2025-02-13 12:12:26,436 - Buy Volume: 5888.78 GMRT
2025-02-13 12:12:26,436 - Sell Volume: 5946.15 GMRT
2025-02-13 12:12:26,436 - Buy Pressure: 49.76%
2025-02-13 12:12:26,437 - Sell Pressure: 50.24%
2025-02-13 12:12:26,437 - --------------------------------------------------
2025-02-13 12:12:31,478 - Price: $0.2250
2025-02-13 12:12:31,479 - Buy Volume: 6333.33 GMRT
2025-02-13 12:12:31,479 - Sell Volume: 5121.31 GMRT
2025-02-13 12:12:31,479 - Buy Pressure: 55.29%
2025-02-13 12:12:31,479 - Sell Pressure: 44.71%
2025-02-13 12:12:31,479 - --------------------------------------------------
2025-02-13 12:12:36,363 - Price: $0.2250
2025-02-13 12:12:36,364 - Buy Volume: 5893.62 GMRT
2025-02-13 12:12:36,364 - Sell Volume: 2322.74 GMRT
2025-02-13 12:12:36,364 - Buy Pressure: 71.73%
2025-02-13 12:12:36,364 - Sell Pressure: 28.27%
2025-02-13 12:12:36,364 - --------------------------------------------------
2025-02-13 12:12:41,349 - Price: $0.2250
2025-02-13 12:12:41,349 - Buy Volume: 3802.64 GMRT
2025-02-13 12:12:41,349 - Sell Volume: 2528.50 GMRT
2025-02-13 12:12:41,349 - Buy Pressure: 60.06%
2025-02-13 12:12:41,349 - Sell Pressure: 39.94%
2025-02-13 12:12:41,349 - --------------------------------------------------
2025-02-13 12:12:46,375 - Price: $0.2252
2025-02-13 12:12:46,377 - Buy Volume: 5848.73 GMRT
2025-02-13 12:12:46,377 - Sell Volume: 1753.33 GMRT
2025-02-13 12:12:46,377 - Buy Pressure: 76.94%
2025-02-13 12:12:46,377 - Sell Pressure: 23.06%
2025-02-13 12:12:46,377 - --------------------------------------------------
2025-02-13 12:12:51,357 - Price: $0.2242
2025-02-13 12:12:51,358 - Buy Volume: 4440.24 GMRT
2025-02-13 12:12:51,358 - Sell Volume: 2733.77 GMRT
2025-02-13 12:12:51,358 - Buy Pressure: 61.89%
2025-02-13 12:12:51,358 - Sell Pressure: 38.11%
2025-02-13 12:12:51,358 - --------------------------------------------------
2025-02-13 12:12:56,387 - Price: $0.2240
2025-02-13 12:12:56,387 - Buy Volume: 5551.80 GMRT
2025-02-13 12:12:56,387 - Sell Volume: 2281.90 GMRT
2025-02-13 12:12:56,387 - Buy Pressure: 70.87%
2025-02-13 12:12:56,387 - Sell Pressure: 29.13%
2025-02-13 12:12:56,387 - --------------------------------------------------
2025-02-13 12:13:01,417 - Price: $0.2237
2025-02-13 12:13:01,417 - Buy Volume: 6588.25 GMRT
2025-02-13 12:13:01,417 - Sell Volume: 3366.52 GMRT
2025-02-13 12:13:01,417 - Buy Pressure: 66.18%
2025-02-13 12:13:01,417 - Sell Pressure: 33.82%
2025-02-13 12:13:01,417 - --------------------------------------------------
2025-02-13 12:13:06,353 - Price: $0.2236
2025-02-13 12:13:06,353 - Buy Volume: 10733.70 GMRT
2025-02-13 12:13:06,353 - Sell Volume: 6441.95 GMRT
2025-02-13 12:13:06,353 - Buy Pressure: 62.49%
2025-02-13 12:13:06,354 - Sell Pressure: 37.51%
2025-02-13 12:13:06,354 - --------------------------------------------------
2025-02-13 12:13:11,346 - Price: $0.2200
2025-02-13 12:13:11,346 - Buy Volume: 12328.21 GMRT
2025-02-13 12:13:11,346 - Sell Volume: 4637.88 GMRT
2025-02-13 12:13:11,346 - Buy Pressure: 72.66%
2025-02-13 12:13:11,346 - Sell Pressure: 27.34%
2025-02-13 12:13:11,346 - --------------------------------------------------
2025-02-13 12:13:16,337 - Price: $0.2200
2025-02-13 12:13:16,338 - Buy Volume: 11518.40 GMRT
2025-02-13 12:13:16,338 - Sell Volume: 4909.47 GMRT
2025-02-13 12:13:16,338 - Buy Pressure: 70.11%
2025-02-13 12:13:16,338 - Sell Pressure: 29.89%
2025-02-13 12:13:16,338 - --------------------------------------------------
2025-02-13 12:13:21,338 - Price: $0.2219
2025-02-13 12:13:21,338 - Buy Volume: 9497.54 GMRT
2025-02-13 12:13:21,338 - Sell Volume: 6020.60 GMRT
2025-02-13 12:13:21,338 - Buy Pressure: 61.20%
2025-02-13 12:13:21,339 - Sell Pressure: 38.80%
2025-02-13 12:13:21,339 - --------------------------------------------------
2025-02-13 12:13:26,408 - Price: $0.2200
2025-02-13 12:13:26,408 - Buy Volume: 9628.39 GMRT
2025-02-13 12:13:26,408 - Sell Volume: 7197.00 GMRT
2025-02-13 12:13:26,408 - Buy Pressure: 57.23%
2025-02-13 12:13:26,408 - Sell Pressure: 42.77%
2025-02-13 12:13:26,408 - --------------------------------------------------
2025-02-13 12:13:31,357 - Price: $0.2200
2025-02-13 12:13:31,358 - Buy Volume: 8955.24 GMRT
2025-02-13 12:13:31,358 - Sell Volume: 8612.74 GMRT
2025-02-13 12:13:31,358 - Buy Pressure: 50.97%
2025-02-13 12:13:31,358 - Sell Pressure: 49.03%
2025-02-13 12:13:31,359 - --------------------------------------------------
2025-02-13 12:13:36,393 - Price: $0.2182
2025-02-13 12:13:36,394 - Buy Volume: 8414.96 GMRT
2025-02-13 12:13:36,394 - Sell Volume: 9635.35 GMRT
2025-02-13 12:13:36,394 - Buy Pressure: 46.62%
2025-02-13 12:13:36,394 - Sell Pressure: 53.38%
2025-02-13 12:13:36,394 - --------------------------------------------------
2025-02-13 12:13:41,402 - Price: $0.2176
2025-02-13 12:13:41,403 - Buy Volume: 7895.34 GMRT
2025-02-13 12:13:41,403 - Sell Volume: 9320.69 GMRT
2025-02-13 12:13:41,403 - Buy Pressure: 45.86%
2025-02-13 12:13:41,403 - Sell Pressure: 54.14%
2025-02-13 12:13:41,403 - --------------------------------------------------
2025-02-13 12:13:46,370 - Price: $0.2171
2025-02-13 12:13:46,371 - Buy Volume: 7565.92 GMRT
2025-02-13 12:13:46,371 - Sell Volume: 10231.33 GMRT
2025-02-13 12:13:46,371 - Buy Pressure: 42.51%
2025-02-13 12:13:46,371 - Sell Pressure: 57.49%
2025-02-13 12:13:46,371 - --------------------------------------------------
2025-02-13 12:13:51,348 - Price: $0.2171
2025-02-13 12:13:51,349 - Buy Volume: 7150.04 GMRT
2025-02-13 12:13:51,349 - Sell Volume: 3550.49 GMRT
2025-02-13 12:13:51,350 - Buy Pressure: 66.82%
2025-02-13 12:13:51,350 - Sell Pressure: 33.18%
2025-02-13 12:13:51,350 - --------------------------------------------------
2025-02-13 12:13:56,332 - Price: $0.2166
2025-02-13 12:13:56,332 - Buy Volume: 6487.85 GMRT
2025-02-13 12:13:56,332 - Sell Volume: 7479.37 GMRT
2025-02-13 12:13:56,332 - Buy Pressure: 46.45%
2025-02-13 12:13:56,332 - Sell Pressure: 53.55%
2025-02-13 12:13:56,332 - --------------------------------------------------
2025-02-13 12:14:01,381 - Price: $0.2164
2025-02-13 12:14:01,381 - Buy Volume: 6410.67 GMRT
2025-02-13 12:14:01,382 - Sell Volume: 4102.70 GMRT
2025-02-13 12:14:01,382 - Buy Pressure: 60.98%
2025-02-13 12:14:01,382 - Sell Pressure: 39.02%
2025-02-13 12:14:01,382 - --------------------------------------------------
2025-02-13 12:14:06,379 - Price: $0.2164
2025-02-13 12:14:06,379 - Buy Volume: 5954.70 GMRT
2025-02-13 12:14:06,380 - Sell Volume: 5326.17 GMRT
2025-02-13 12:14:06,380 - Buy Pressure: 52.79%
2025-02-13 12:14:06,380 - Sell Pressure: 47.21%
2025-02-13 12:14:06,380 - --------------------------------------------------
2025-02-13 12:14:11,385 - Price: $0.2168
2025-02-13 12:14:11,385 - Buy Volume: 6078.19 GMRT
2025-02-13 12:14:11,385 - Sell Volume: 6120.86 GMRT
2025-02-13 12:14:11,385 - Buy Pressure: 49.83%
2025-02-13 12:14:11,385 - Sell Pressure: 50.17%
2025-02-13 12:14:11,385 - --------------------------------------------------
2025-02-13 12:14:16,778 - Price: $0.2167
2025-02-13 12:14:16,778 - Buy Volume: 4199.60 GMRT
2025-02-13 12:14:16,778 - Sell Volume: 6966.70 GMRT
2025-02-13 12:14:16,778 - Buy Pressure: 37.61%
2025-02-13 12:14:16,778 - Sell Pressure: 62.39%
2025-02-13 12:14:16,778 - --------------------------------------------------
2025-02-13 12:14:21,365 - Price: $0.2167
2025-02-13 12:14:21,366 - Buy Volume: 4106.54 GMRT
2025-02-13 12:14:21,366 - Sell Volume: 6565.26 GMRT
2025-02-13 12:14:21,366 - Buy Pressure: 38.48%
2025-02-13 12:14:21,366 - Sell Pressure: 61.52%
2025-02-13 12:14:21,366 - --------------------------------------------------
